<?xml version="1.0" encoding="UTF-8"?>
<testsuite name="ExperimentalTests" tests="2" skipped="0" failures="0" errors="0" timestamp="2021-11-30T16:51:49" hostname="DESKTOP-5I7B8GR" time="16.392">
  <properties/>
  <testcase name="downloadPDFTest" classname="ExperimentalTests" time="8.993"/>
  <testcase name="badCertificateTest" classname="ExperimentalTests" time="7.399"/>
  <system-out><![CDATA[]]></system-out>
  <system-err><![CDATA[Starting ChromeDriver 96.0.4664.45 (76e4c1bb2ab4671b8beba3444e61c0f17584b2fc-refs/branch-heads/4664@{#947}) on port 8146
Only local connections are allowed.
Please see https://chromedriver.chromium.org/security-considerations for suggestions on keeping ChromeDriver safe.
ChromeDriver was started successfully.
nov 30, 2021 11:51:51 AM org.openqa.selenium.remote.ProtocolHandshake createSession
INFORMACIÓN: Detected dialect: W3C
Starting ChromeDriver 96.0.4664.45 (76e4c1bb2ab4671b8beba3444e61c0f17584b2fc-refs/branch-heads/4664@{#947}) on port 10228
Only local connections are allowed.
Please see https://chromedriver.chromium.org/security-considerations for suggestions on keeping ChromeDriver safe.
ChromeDriver was started successfully.
nov 30, 2021 11:51:59 AM org.openqa.selenium.remote.ProtocolHandshake createSession
INFORMACIÓN: Detected dialect: W3C
]]></system-err>
</testsuite>
