<?xml version="1.0" encoding="UTF-8"?>
<testsuite name="starter.CucumberTestSuite1" tests="0" skipped="0" failures="0" errors="0" timestamp="1970-01-01T00:00:00" hostname="DESKTOP-5I7B8GR" time="0.0">
  <properties/>
  <system-out><![CDATA[19:27:12.622 [Test worker] INFO  n.t.c.steps.ConsoleLoggingListener - Test Suite Started: ir a sophos
19:27:30.047 [Test worker] INFO  n.t.c.steps.ConsoleLoggingListener - 
        __    _____ _____ ____ _____   ____   _    ____  ____  _____ ____  
  _     \ \  |_   _| ____/ ___|_   _| |  _ \ / \  / ___|/ ___|| ____|  _ \ 
 (_)_____| |   | | |  _| \___ \ | |   | |_) / _ \ \___ \\___ \|  _| | | | |
  _|_____| |   | | | |___ ___) || |   |  __/ ___ \ ___) |___) | |___| |_| |
 (_)     | |   |_| |_____|____/ |_|   |_| /_/   \_\____/|____/|_____|____/ 
        /_/                                                                

TEST PASSED: Obtener ofertas laborales
----------------------------------------------------------------------------

1 Scenarios (?[32m1 passed?[0m)
3 Steps (?[32m3 passed?[0m)
0m17,427s


]]></system-out>
  <system-err><![CDATA[]]></system-err>
</testsuite>
