<?xml version="1.0" encoding="UTF-8"?>
<testsuite name="ir a sophos" tests="2" skipped="0" failures="0" errors="0" timestamp="2021-12-01T00:26:51" hostname="DESKTOP-5I7B8GR" time="37.377">
  <properties/>
  <testcase name="Obtener ofertas laborales" classname="ir a sophos" time="18.408"/>
  <testcase name="Obtener ofertas laborales" classname="ir a sophos" time="16.635"/>
  <system-out><![CDATA[19:26:51.915 [Test worker] INFO  n.t.c.steps.ConsoleLoggingListener - 
 _____ _____ ____ _____   ____ _____  _    ____ _____ _____ ____  
|_   _| ____/ ___|_   _| / ___|_   _|/ \  |  _ \_   _| ____|  _ \ 
  | | |  _| \___ \ | |   \___ \ | | / _ \ | |_) || | |  _| | | | |
  | | | |___ ___) || |    ___) || |/ ___ \|  _ < | | | |___| |_| |
  |_| |_____|____/ |_|   |____/ |_/_/   \_\_| \_\|_| |_____|____/ 
                                                                  

TEST STARTED: Obtener ofertas laborales
-------------------------------------------------------------------(ir-a-sophos;obtener-ofertas-laborales)
?[32m.?[0m19:26:52.609 [Test worker] INFO  n.s.c.w.d.ProvideNewDriver - Instantiating driver
19:26:52.609 [Test worker] INFO  n.s.c.w.d.ProvideNewDriver - Driver capabilities: Capabilities {acceptInsecureCerts: false, browserName: chrome, goog:chromeOptions: {args: [--enable-automation, --test-type], extensions: [], prefs: {download.default_directory: /Users/BRANDON/downloads, pdfjs.disabled: true, plugins.always_open_pdf_externally: true, profile_default_content_settings.popups: 0}}, platform: ANY, version: }
?[32m.?[0m[
            Senior Financial Planning Profesional en áreas administrativas o afines con experiencia de 6 meses a 2 años como analista de control financiero en el manejo para la generación, automatización y estandarización de Reportes financieros, control financiero, planeación y rentabilidad Lugar de trabajo: Bogota – Alternancia Tipo de Contrato: A término indefinido. Salario: A convenir de Ver Mas        , 
            Desarrollador WSO2 Ingeniero de Sistemas Graduado con experiencia de más de 3 años desarrollando sobre el BUS de integración de Apache (WSO2). Con minimo 2 años de experiencia con el BUS de Oracle (Oracle SOA Suite). Con conocimientos y experiencia de desarrollos y configuraciones mensajerias SOAP, Rest y microservicios. Con experiencia en diseño y desarrollo Ver Mas        , 
            Arquitecto AWS Ingeniero de Sistemas o afines, experto en metodologías ágiles, certificado AWS Solutions Arquitect de nivel asociado o superior o AWS Developer Associate, conocimiento y manejo de contenedores. Conocimientos y experiencia de más de 2 años en arquitectura de software, diagramación arkimad, y experiencia de mas de 3 años trabajando con AWS. Deseables conocimientos Ver Mas        , 
            Desarrollador Broker Ingeniero de Sistemas Graduado con experiencia de más de 3 años desarrollando sobre el BUS de integración de IBM (WebSphere Message Broker e Integration BUS). Con conocimientos y experiencia de desarrollos y configuraciones de Datapower y WSRR de IBM. Con conocimientos y experiencia de desarrollos y configuraciones mensajerías SOAP, Rest y micro servicios. Ver Mas        , 
            Implementador Bizagi Experiencia  de más de  2 años en proyectos Bizagi, en desarrollo de software en .net, java, javascript, desarrollo servicios, CAPA SOA *Conocimientos en modelamiento e implementación en Bizagi, desarrollo de componentes para integración con bizagi, conocimientos scrum * Desempeñará la labor de consultor BPM – implementador bizagi * Deseables conocimientos/certificaciones en scrum, bizagi Ver Mas        ]
?[32m.?[0m19:27:12.646 [Test worker] INFO  n.t.c.steps.ConsoleLoggingListener - 
 _____ _____ ____ _____   ____ _____  _    ____ _____ _____ ____  
|_   _| ____/ ___|_   _| / ___|_   _|/ \  |  _ \_   _| ____|  _ \ 
  | | |  _| \___ \ | |   \___ \ | | / _ \ | |_) || | |  _| | | | |
  | | | |___ ___) || |    ___) || |/ ___ \|  _ < | | | |___| |_| |
  |_| |_____|____/ |_|   |____/ |_/_/   \_\_| \_\|_| |_____|____/ 
                                                                  

TEST STARTED: Obtener ofertas laborales
-------------------------------------------------------------------(ir-a-sophos;obtener-ofertas-laborales)
?[32m.?[0m19:27:12.769 [Test worker] INFO  n.s.c.w.d.ProvideNewDriver - Instantiating driver
19:27:12.769 [Test worker] INFO  n.s.c.w.d.ProvideNewDriver - Driver capabilities: Capabilities {acceptInsecureCerts: false, browserName: chrome, goog:chromeOptions: {args: [--enable-automation, --test-type], extensions: [], prefs: {download.default_directory: /Users/BRANDON/downloads, pdfjs.disabled: true, plugins.always_open_pdf_externally: true, profile_default_content_settings.popups: 0}}, platform: ANY, version: }
?[32m.?[0m[
            Senior Financial Planning Profesional en áreas administrativas o afines con experiencia de 6 meses a 2 años como analista de control financiero en el manejo para la generación, automatización y estandarización de Reportes financieros, control financiero, planeación y rentabilidad Lugar de trabajo: Bogota – Alternancia Tipo de Contrato: A término indefinido. Salario: A convenir de Ver Mas        , 
            Desarrollador WSO2 Ingeniero de Sistemas Graduado con experiencia de más de 3 años desarrollando sobre el BUS de integración de Apache (WSO2). Con minimo 2 años de experiencia con el BUS de Oracle (Oracle SOA Suite). Con conocimientos y experiencia de desarrollos y configuraciones mensajerias SOAP, Rest y microservicios. Con experiencia en diseño y desarrollo Ver Mas        , 
            Arquitecto AWS Ingeniero de Sistemas o afines, experto en metodologías ágiles, certificado AWS Solutions Arquitect de nivel asociado o superior o AWS Developer Associate, conocimiento y manejo de contenedores. Conocimientos y experiencia de más de 2 años en arquitectura de software, diagramación arkimad, y experiencia de mas de 3 años trabajando con AWS. Deseables conocimientos Ver Mas        , 
            Desarrollador Broker Ingeniero de Sistemas Graduado con experiencia de más de 3 años desarrollando sobre el BUS de integración de IBM (WebSphere Message Broker e Integration BUS). Con conocimientos y experiencia de desarrollos y configuraciones de Datapower y WSRR de IBM. Con conocimientos y experiencia de desarrollos y configuraciones mensajerías SOAP, Rest y micro servicios. Ver Mas        , 
            Implementador Bizagi Experiencia  de más de  2 años en proyectos Bizagi, en desarrollo de software en .net, java, javascript, desarrollo servicios, CAPA SOA *Conocimientos en modelamiento e implementación en Bizagi, desarrollo de componentes para integración con bizagi, conocimientos scrum * Desempeñará la labor de consultor BPM – implementador bizagi * Deseables conocimientos/certificaciones en scrum, bizagi Ver Mas        ]
?[32m.?[0m]]></system-out>
  <system-err><![CDATA[nov 30, 2021 7:26:52 PM org.openqa.selenium.remote.DesiredCapabilities chrome
INFORMACIÓN: Using `new ChromeOptions()` is preferred to `DesiredCapabilities.chrome()`
Starting ChromeDriver 96.0.4664.45 (76e4c1bb2ab4671b8beba3444e61c0f17584b2fc-refs/branch-heads/4664@{#947}) on port 40585
Only local connections are allowed.
Please see https://chromedriver.chromium.org/security-considerations for suggestions on keeping ChromeDriver safe.
ChromeDriver was started successfully.
nov 30, 2021 7:26:54 PM org.openqa.selenium.remote.ProtocolHandshake createSession
INFORMACIÓN: Detected dialect: W3C
nov 30, 2021 7:27:12 PM org.openqa.selenium.remote.DesiredCapabilities chrome
INFORMACIÓN: Using `new ChromeOptions()` is preferred to `DesiredCapabilities.chrome()`
Starting ChromeDriver 96.0.4664.45 (76e4c1bb2ab4671b8beba3444e61c0f17584b2fc-refs/branch-heads/4664@{#947}) on port 47894
Only local connections are allowed.
Please see https://chromedriver.chromium.org/security-considerations for suggestions on keeping ChromeDriver safe.
ChromeDriver was started successfully.
nov 30, 2021 7:27:14 PM org.openqa.selenium.remote.ProtocolHandshake createSession
INFORMACIÓN: Detected dialect: W3C
]]></system-err>
</testsuite>
