<?xml version="1.0" encoding="UTF-8"?>
<testsuite name="ir a sophos" tests="1" skipped="0" failures="0" errors="0" timestamp="2021-12-07T14:36:33" hostname="DESKTOP-5I7B8GR" time="14.124">
  <properties/>
  <testcase name="Obtener ofertas laborales" classname="ir a sophos" time="14.124"/>
  <system-out><![CDATA[09:36:33.038 [Test worker] INFO  n.t.c.steps.ConsoleLoggingListener - 
 _____ _____ ____ _____   ____ _____  _    ____ _____ _____ ____  
|_   _| ____/ ___|_   _| / ___|_   _|/ \  |  _ \_   _| ____|  _ \ 
  | | |  _| \___ \ | |   \___ \ | | / _ \ | |_) || | |  _| | | | |
  | | | |___ ___) || |    ___) || |/ ___ \|  _ < | | | |___| |_| |
  |_| |_____|____/ |_|   |____/ |_/_/   \_\_| \_\|_| |_____|____/ 
                                                                  

TEST STARTED: Obtener ofertas laborales
-------------------------------------------------------------------(ir-a-sophos;obtener-ofertas-laborales)
?[32m.?[0m09:36:33.738 [Test worker] INFO  n.s.c.w.d.ProvideNewDriver - Instantiating driver
09:36:33.739 [Test worker] INFO  n.s.c.w.d.ProvideNewDriver - Driver capabilities: Capabilities {acceptInsecureCerts: false, browserName: chrome, goog:chromeOptions: {args: [--enable-automation, --test-type], extensions: [], prefs: {download.default_directory: /Users/BRANDON/downloads, pdfjs.disabled: true, plugins.always_open_pdf_externally: true, profile_default_content_settings.popups: 0}}, platform: ANY, version: }
?[32m.?[0m[
				
			
				Desarrollador Java AWS			
		
				
			Desarrollador Java AWS 3 años de experiencia participado en roles de desarrollo en Java, Angular, JavaScript, Spring Boot, Bootstrap, Maqueteo. Con experiencia en desarrollo de componentes AWS y versionamiento con…
		
					
				Ver Detalles »			
				, 
				
			
				Líder Técnico Java			
		
				
			Líder Técnico Java Profesional en Ingeniería de sistemas o carreas a fines con experiencia mínima de 5 años en desarrollo Java, Pl/sql, liderando equipo de trabajo, trabajo bajo metodología ágiles,…
		
					
				Ver Detalles »			
				, 
				
			
				Desarrollador Java PL/SQL			
		
				
			Desarrollador Java PL/SQL Profesional en Ingeniería de sistemas o carreras a fines con experiencia mínima de 2 años en desarrollo Java, Pl/sql. Experiencia en weblogic, servicios REST y SOAP, hibernate,…
		
					
				Ver Detalles »			
				, 
				
			
				Desarrollador Java con Sprint y Sprintboot			
		
				
			Desarrollador Java con Sprint y Sprintboot Conocimientos en POO (Programación Orientada a Objetos) – Conocimientos básicos en diagramas UML. – API’s – Base de datos: Posgresql, mysql – IDE de…
		
					
				Ver Detalles »			
				, 
				
			
				Desarrollador Java Bilingue			
		
				
			Adjunta tu hoja de vida Tu nombre * Tu correo electrónico * Tu mensaje Para mas informacion comunicate a: erika.caicedo@sophossolutions.com…
		
					
				Ver Detalles »			
				, 
				
			
				Desarrollador Java			
		
				
			Adjunta tu hoja de vida Tu nombre * Tu correo electrónico * Tu mensaje Para mas informacion comunicate a: erika.caicedo@sophossolutions.com…
		
					
				Ver Detalles »			
				, 
				
			
				Desarrolladores Backend			
		
				
			Desarrolladores Backend Profesional en Ingeniería de sistemas o afines con experiencia en desarrollo Java.Conocimientos en Java, JEE, Oracle. Soportando los despliegues mediante contenedores (Docker/Kubernetes) e infraestructura de nube (AWS/Azure)Conocimiento en…
		
					
				Ver Detalles »			
				, 
				
			
				Desarrollador FullStack			
		
				
			Desarrollador FullStack Profesional en Ingeniería de Sistemas o afines, con experiencia en desarrollo de aplicaciones web en (Angular/React/Vue/JavaScript), y microservicios (SOAP/REST) en Java (Spring Boot), Node.js (Express.js), soportando los despliegues…
		
					
				Ver Detalles »			
				]

?[32m.?[0m]]></system-out>
  <system-err><![CDATA[dic 07, 2021 9:36:33 AM org.openqa.selenium.remote.DesiredCapabilities chrome
INFORMACIÓN: Using `new ChromeOptions()` is preferred to `DesiredCapabilities.chrome()`
Starting ChromeDriver 96.0.4664.45 (76e4c1bb2ab4671b8beba3444e61c0f17584b2fc-refs/branch-heads/4664@{#947}) on port 48497
Only local connections are allowed.
Please see https://chromedriver.chromium.org/security-considerations for suggestions on keeping ChromeDriver safe.
ChromeDriver was started successfully.
dic 07, 2021 9:36:35 AM org.openqa.selenium.remote.ProtocolHandshake createSession
INFORMACIÓN: Detected dialect: W3C
]]></system-err>
</testsuite>
